<?xml version="1.0" encoding="UTF-8"?>
<!-- Generated by org.testng.reporters.JUnitReportReporter -->
<testsuite hostname="DESKTOP-NNG2UOE" failures="0" tests="5" name="org.livecollegesuggest.HomePage_Footer" time="119.648" errors="0" timestamp="2023-10-20T11:50:43 IST" skipped="0">
  <testcase classname="org.livecollegesuggest.HomePage_Footer" name="cs_Verify_Footer_Section_Engineering_College_Link_Is_Clickable_0001" time="27.485"/>
  <testcase classname="org.livecollegesuggest.HomePage_Footer" name="cs_Verify_Footer_Section_Medical_College_Link_Is_Clickable_0002" time="23.011"/>
  <testcase classname="org.livecollegesuggest.HomePage_Footer" name="cs_Verify_Footer_Section_Dental_College_Link_Is_Clickable_0003" time="22.976"/>
  <testcase classname="org.livecollegesuggest.HomePage_Footer" name="cs_Verify_Footer_Section_Architecture_College_Link_Is_Clickable_0004" time="22.829"/>
  <testcase classname="org.livecollegesuggest.HomePage_Footer" name="cs_Verify_Footer_Section_Pharmacy_College_Link_Is_Clickable_0005" time="23.347"/>
</testsuite> <!-- org.livecollegesuggest.HomePage_Footer -->
