<?xml version="1.0" encoding="UTF-8"?>
<!-- Generated by org.testng.reporters.JUnitReportReporter -->
<testsuite hostname="DESKTOP-NNG2UOE" failures="0" tests="1" name="org.livecollegesuggest.HomePage_Login" time="8.309" errors="0" timestamp="2023-10-20T11:37:55 IST" skipped="0">
  <testcase classname="org.livecollegesuggest.HomePage_Login" name="cs_Verify_Login_Page_With_Valid_Phonenumber_001" time="8.309"/>
</testsuite> <!-- org.livecollegesuggest.HomePage_Login -->
