<?xml version="1.0" encoding="UTF-8"?>
<!-- Generated by org.testng.reporters.JUnitReportReporter -->
<testsuite hostname="DESKTOP-NNG2UOE" failures="0" tests="1" name="org.livecollegesuggest.HomePage_ExploreByStream" time="47.574" errors="0" timestamp="2023-10-20T16:35:26 IST" skipped="0">
  <testcase classname="org.livecollegesuggest.HomePage_ExploreByStream" name="cs_Verify_Explore_By_Stream_Linkcard_Is_Clickable_0001" time="47.574"/>
</testsuite> <!-- org.livecollegesuggest.HomePage_ExploreByStream -->
