<?xml version="1.0" encoding="UTF-8"?>
<!-- Generated by org.testng.reporters.JUnitReportReporter -->
<testsuite hostname="DESKTOP-NNG2UOE" failures="0" tests="1" name="org.livecollegesuggest.HomePage_NeetPredictorLogin" time="15.942" errors="0" timestamp="2023-10-18T13:01:52 IST" skipped="0">
  <testcase classname="org.livecollegesuggest.HomePage_NeetPredictorLogin" name="cs_Verify_Neet_Predictor_With_Valid_Phonenumber_And_OTP_001" time="15.942"/>
</testsuite> <!-- org.livecollegesuggest.HomePage_NeetPredictorLogin -->
