<?xml version="1.0" encoding="UTF-8"?>
<!-- Generated by org.testng.reporters.JUnitReportReporter -->
<testsuite hostname="DESKTOP-NNG2UOE" failures="0" tests="2" name="org.livecollegesuggest.ListingPage_FilterSection" time="44.620" errors="0" timestamp="2023-10-25T12:04:50 IST" skipped="0">
  <testcase classname="org.livecollegesuggest.ListingPage_FilterSection" name="cs_Verify_State_Filter_Is_Clickable_0001" time="20.288"/>
  <testcase classname="org.livecollegesuggest.ListingPage_FilterSection" name="cs_verify_City_Filter_Is_Clickable_0002" time="24.332"/>
</testsuite> <!-- org.livecollegesuggest.ListingPage_FilterSection -->
