<?xml version="1.0" encoding="UTF-8"?>
<!-- Generated by org.testng.reporters.JUnitReportReporter -->
<testsuite hostname="DESKTOP-NNG2UOE" failures="0" tests="1" name="org.livecollegesuggest.ListingPage_SortBy" time="22.262" errors="0" timestamp="2023-10-25T11:22:53 IST" skipped="0">
  <testcase classname="org.livecollegesuggest.ListingPage_SortBy" name="cs__Verify_DropDown_Is_Clickable_0001" time="22.262"/>
</testsuite> <!-- org.livecollegesuggest.ListingPage_SortBy -->
