<?xml version="1.0" encoding="UTF-8"?>
<!-- Generated by org.testng.reporters.JUnitReportReporter -->
<testsuite hostname="DESKTOP-NNG2UOE" failures="0" tests="6" name="org.livecollegesuggest.HomePage_Header" time="53.261" errors="0" timestamp="2023-10-18T12:20:06 IST" skipped="0">
  <testcase classname="org.livecollegesuggest.HomePage_Header" name="cs_Verify_Header_Section_Engineering_College_Link_Is_Clickable_0001" time="8.324"/>
  <testcase classname="org.livecollegesuggest.HomePage_Header" name="cs_Verify_Header_Section_Medical_College_Link_Is_Clickable_0002" time="7.132"/>
  <testcase classname="org.livecollegesuggest.HomePage_Header" name="cs_Verify_Header_Section_Dental_College_Link_Is_Clickable_0003" time="6.971"/>
  <testcase classname="org.livecollegesuggest.HomePage_Header" name="cs_Verify_Header_Section_Architecture_College_Link_Is_Clickable_0004" time="10.035"/>
  <testcase classname="org.livecollegesuggest.HomePage_Header" name="cs_Verify_Header_Section_Pharmacy_College_Link_Is_Clickable_0005" time="10.075"/>
  <testcase classname="org.livecollegesuggest.HomePage_Header" name="cs_Verify_Header_Section_Exams_College_Link_Is_Clickable_0006" time="10.724"/>
</testsuite> <!-- org.livecollegesuggest.HomePage_Header -->
