<?xml version="1.0" encoding="UTF-8"?>
<!-- Generated by org.testng.reporters.JUnitReportReporter -->
<testsuite hostname="DESKTOP-NNG2UOE" failures="0" tests="2" name="org.livecollegesuggest.HomePage_YoutubeSession" time="33.676" errors="0" timestamp="2023-10-20T12:32:55 IST" skipped="0">
  <testcase classname="org.livecollegesuggest.HomePage_YoutubeSession" name="cs_Verify_Youtube_Session_Is_Clickable_0001" time="8.359"/>
  <testcase classname="org.livecollegesuggest.HomePage_YoutubeSession" name="cs_Verify_OpenPlaylist_Is_Clickable_0002" time="25.317"/>
</testsuite> <!-- org.livecollegesuggest.HomePage_YoutubeSession -->
