<?xml version="1.0" encoding="UTF-8"?>
<!-- Generated by org.testng.reporters.JUnitReportReporter -->
<testsuite hostname="DESKTOP-NNG2UOE" failures="0" tests="1" name="org.livecollegesuggest.HomePage_SearchBox" time="15.105" errors="0" timestamp="2023-10-20T16:25:19 IST" skipped="0">
  <testcase classname="org.livecollegesuggest.HomePage_SearchBox" name="cs_Verify_Search_Box_With_Valid_Information_0001" time="15.105"/>
</testsuite> <!-- org.livecollegesuggest.HomePage_SearchBox -->
