<?xml version="1.0" encoding="UTF-8"?>
<!-- Generated by org.testng.reporters.JUnitReportReporter -->
<testsuite hostname="DESKTOP-NNG2UOE" failures="0" tests="1" name="org.livecollegesuggest.ListingPage_BookMark" time="20.337" errors="0" timestamp="2023-10-20T11:58:22 IST" skipped="0">
  <testcase classname="org.livecollegesuggest.ListingPage_BookMark" name="cs_Verify_BookMark_Is_Clickable_0001" time="20.337"/>
</testsuite> <!-- org.livecollegesuggest.ListingPage_BookMark -->
