<?xml version="1.0" encoding="UTF-8"?>
<!-- Generated by org.testng.reporters.JUnitReportReporter -->
<testsuite hostname="DESKTOP-NNG2UOE" failures="0" tests="3" name="org.livecollegesuggest.HomePage_TopCollegesInIndia" time="173.218" errors="0" timestamp="2023-10-20T16:30:57 IST" skipped="0">
  <testcase classname="org.livecollegesuggest.HomePage_TopCollegesInIndia" name="cs_Verify_Top_Colleges_In_India_Is_Clickable_0001" time="46.834"/>
  <testcase classname="org.livecollegesuggest.HomePage_TopCollegesInIndia" name="cs_Verify_Top_Places_In_India_To_Study_Is_Clickable_002" time="63.101"/>
  <testcase classname="org.livecollegesuggest.HomePage_TopCollegesInIndia" name="cs_Verify_Top_Courses_Is_Clickable_003" time="63.283"/>
</testsuite> <!-- org.livecollegesuggest.HomePage_TopCollegesInIndia -->
