<?xml version="1.0" encoding="UTF-8"?>
<!-- Generated by org.testng.reporters.JUnitReportReporter -->
<testsuite hostname="DESKTOP-NNG2UOE" failures="0" tests="1" name="org.livecollegesuggest.HomePage_SignUp" time="17.710" errors="0" timestamp="2023-10-20T11:42:57 IST" skipped="0">
  <testcase classname="org.livecollegesuggest.HomePage_SignUp" name="cs_Verify_Sign_Up_With_Valid_Information_0001" time="17.710"/>
</testsuite> <!-- org.livecollegesuggest.HomePage_SignUp -->
