<?xml version="1.0" encoding="UTF-8"?>
<!-- Generated by org.testng.reporters.JUnitReportReporter -->
<testsuite hostname="DESKTOP-NNG2UOE" failures="0" tests="1" name="org.livecollegesuggest.HomePage_LoadMore" time="34.327" errors="0" timestamp="2023-10-20T11:39:00 IST" skipped="0">
  <testcase classname="org.livecollegesuggest.HomePage_LoadMore" name="cs_verify_Load_More_Button_Is_Clickable_0001" time="34.327"/>
</testsuite> <!-- org.livecollegesuggest.HomePage_LoadMore -->
